[
  {
    "level": "INFO",
    "message": "android.ndkVersion from module build.gradle is 22.1.7171670"
  },
  {
    "level": "INFO",
    "message": "ndk.dir in local.properties is not set"
  },
  {
    "level": "INFO",
    "message": "ANDROID_NDK_HOME environment variable is not set"
  },
  {
    "level": "INFO",
    "message": "sdkFolder is /Users/GoodAirman/Library/Android/sdk"
  },
  {
    "level": "INFO",
    "message": "Considering /Users/GoodAirman/Library/Android/sdk/ndk-bundle in SDK ndk-bundle folder"
  },
  {
    "level": "INFO",
    "message": "Considering /Users/GoodAirman/Library/Android/sdk/ndk/24.0.8215888 in SDK ndk folder"
  },
  {
    "level": "INFO",
    "message": "Considering /Users/GoodAirman/Library/Android/sdk/ndk/22.1.7171670 in SDK ndk folder"
  },
  {
    "level": "INFO",
    "message": "Rejected /Users/GoodAirman/Library/Android/sdk/ndk-bundle in SDK ndk-bundle folder because that location has no source.properties"
  },
  {
    "level": "INFO",
    "message": "Found requested NDK version 22.1.7171670 at /Users/GoodAirman/Library/Android/sdk/ndk/22.1.7171670"
  }
]